c:\users\dominic\desktop\big folder of userfulness\uni\csc3224\engine\freetype\freetype.dir\debug\freetype.pdb
c:\users\dominic\desktop\big folder of userfulness\uni\csc3224\engine\freetype\freetype.dir\debug\ftdebug.obj
c:\users\dominic\desktop\big folder of userfulness\uni\csc3224\engine\freetype\freetype.dir\debug\ftsystem.obj
c:\users\dominic\desktop\big folder of userfulness\uni\csc3224\engine\freetype\freetype.dir\debug\ftsynth.obj
c:\users\dominic\desktop\big folder of userfulness\uni\csc3224\engine\freetype\freetype.dir\debug\ftstroke.obj
c:\users\dominic\desktop\big folder of userfulness\uni\csc3224\engine\freetype\freetype.dir\debug\ftpfr.obj
c:\users\dominic\desktop\big folder of userfulness\uni\csc3224\engine\freetype\freetype.dir\debug\ftpatent.obj
c:\users\dominic\desktop\big folder of userfulness\uni\csc3224\engine\freetype\freetype.dir\debug\ftotval.obj
c:\users\dominic\desktop\big folder of userfulness\uni\csc3224\engine\freetype\freetype.dir\debug\ftmm.obj
c:\users\dominic\desktop\big folder of userfulness\uni\csc3224\engine\freetype\freetype.dir\debug\ftlcdfil.obj
c:\users\dominic\desktop\big folder of userfulness\uni\csc3224\engine\freetype\freetype.dir\debug\ftinit.obj
c:\users\dominic\desktop\big folder of userfulness\uni\csc3224\engine\freetype\freetype.dir\debug\ftgxval.obj
c:\users\dominic\desktop\big folder of userfulness\uni\csc3224\engine\freetype\freetype.dir\debug\ftglyph.obj
c:\users\dominic\desktop\big folder of userfulness\uni\csc3224\engine\freetype\freetype.dir\debug\ftgasp.obj
c:\users\dominic\desktop\big folder of userfulness\uni\csc3224\engine\freetype\freetype.dir\debug\ftfstype.obj
c:\users\dominic\desktop\big folder of userfulness\uni\csc3224\engine\freetype\freetype.dir\debug\ftfntfmt.obj
c:\users\dominic\desktop\big folder of userfulness\uni\csc3224\engine\freetype\freetype.dir\debug\ftcid.obj
c:\users\dominic\desktop\big folder of userfulness\uni\csc3224\engine\freetype\freetype.dir\debug\ftbitmap.obj
c:\users\dominic\desktop\big folder of userfulness\uni\csc3224\engine\freetype\freetype.dir\debug\ftbdf.obj
c:\users\dominic\desktop\big folder of userfulness\uni\csc3224\engine\freetype\freetype.dir\debug\ftbbox.obj
c:\users\dominic\desktop\big folder of userfulness\uni\csc3224\engine\freetype\freetype.dir\debug\ftbase.obj
c:\users\dominic\desktop\big folder of userfulness\uni\csc3224\engine\freetype\freetype.dir\debug\autofit.obj
c:\users\dominic\desktop\big folder of userfulness\uni\csc3224\engine\freetype\freetype.dir\debug\type42.obj
c:\users\dominic\desktop\big folder of userfulness\uni\csc3224\engine\freetype\freetype.dir\debug\type1.obj
c:\users\dominic\desktop\big folder of userfulness\uni\csc3224\engine\freetype\freetype.dir\debug\truetype.obj
c:\users\dominic\desktop\big folder of userfulness\uni\csc3224\engine\freetype\freetype.dir\debug\smooth.obj
c:\users\dominic\desktop\big folder of userfulness\uni\csc3224\engine\freetype\freetype.dir\debug\sfnt.obj
c:\users\dominic\desktop\big folder of userfulness\uni\csc3224\engine\freetype\freetype.dir\debug\raster.obj
c:\users\dominic\desktop\big folder of userfulness\uni\csc3224\engine\freetype\freetype.dir\debug\psnames.obj
c:\users\dominic\desktop\big folder of userfulness\uni\csc3224\engine\freetype\freetype.dir\debug\pshinter.obj
c:\users\dominic\desktop\big folder of userfulness\uni\csc3224\engine\freetype\freetype.dir\debug\psaux.obj
c:\users\dominic\desktop\big folder of userfulness\uni\csc3224\engine\freetype\freetype.dir\debug\pfr.obj
c:\users\dominic\desktop\big folder of userfulness\uni\csc3224\engine\freetype\freetype.dir\debug\pcf.obj
c:\users\dominic\desktop\big folder of userfulness\uni\csc3224\engine\freetype\freetype.dir\debug\ftlzw.obj
c:\users\dominic\desktop\big folder of userfulness\uni\csc3224\engine\freetype\freetype.dir\debug\ftgzip.obj
c:\users\dominic\desktop\big folder of userfulness\uni\csc3224\engine\freetype\freetype.dir\debug\type1cid.obj
c:\users\dominic\desktop\big folder of userfulness\uni\csc3224\engine\freetype\freetype.dir\debug\cff.obj
c:\users\dominic\desktop\big folder of userfulness\uni\csc3224\engine\freetype\freetype.dir\debug\ftcache.obj
c:\users\dominic\desktop\big folder of userfulness\uni\csc3224\engine\freetype\freetype.dir\debug\ftbzip2.obj
c:\users\dominic\desktop\big folder of userfulness\uni\csc3224\engine\freetype\freetype.dir\debug\bdf.obj
c:\users\dominic\desktop\big folder of userfulness\uni\csc3224\engine\freetype\freetype.dir\debug\ftwinfnt.obj
c:\users\dominic\desktop\big folder of userfulness\uni\csc3224\engine\freetype\freetype.dir\debug\fttype1.obj
c:\users\dominic\desktop\big folder of userfulness\uni\csc3224\engine\freetype\freetype.dir\debug\winfnt.obj
c:\users\dominic\desktop\big folder of userfulness\uni\csc3224\engine\freetype\debug\freetyped.lib
c:\users\dominic\desktop\big folder of userfulness\uni\csc3224\engine\freetype\freetype.dir\debug\freetype.tlog\cl.command.1.tlog
c:\users\dominic\desktop\big folder of userfulness\uni\csc3224\engine\freetype\freetype.dir\debug\freetype.tlog\cl.read.1.tlog
c:\users\dominic\desktop\big folder of userfulness\uni\csc3224\engine\freetype\freetype.dir\debug\freetype.tlog\cl.write.1.tlog
c:\users\dominic\desktop\big folder of userfulness\uni\csc3224\engine\freetype\freetype.dir\debug\freetype.tlog\lib-link.read.1.tlog
c:\users\dominic\desktop\big folder of userfulness\uni\csc3224\engine\freetype\freetype.dir\debug\freetype.tlog\lib-link.write.1.tlog
c:\users\dominic\desktop\big folder of userfulness\uni\csc3224\engine\freetype\freetype.dir\debug\freetype.tlog\lib.command.1.tlog
